iMPACT Version: 14.7

iMPACT log file Started on Sun Apr 17 14:04:19 2016

Welcome to iMPACT
iMPACT Version: 14.7
Project: 'C:\Checkout3\Hack.org.za\Xilinx\\auto_project.ipf' already exists.
Original project has been renamed to'C:\Checkout3\Hack.org.za\Xilinx\\auto_project_1.ipf'.
Project: C:\Checkout3\Hack.org.za\Xilinx\\auto_project.ipf created.
// *** BATCH CMD : setMode -bs
GUI --- Auto connect to cable...
// *** BATCH CMD : setCable -port auto
INFO:iMPACT - Digilent Plugin: Plugin Version: 2.4.4
INFO:iMPACT - Digilent Plugin: no JTAG device was found.
AutoDetecting cable. Please wait.
*** WARNING ***: When port is set to auto detect mode, cable speed is set todefault 6 MHz regardless of explicit arguments supplied for setting the baudrates
PROGRESS_START - Starting Operation.
Connecting to cable (Usb Port - USB21).
Checking cable driver.
 Driver file xusb21.sys found.
 File C:/Xilinx/14.7/ISE_DS/ISE/bin/nt64/xusb21.sys not found.
 Driver file xusb_emb.sys found.
 Driver version: src=1029, dest=1029.
 Driver windrvr6.sys version = 11.1.0.0. WinDriver v11.10 Jungo (c) 1997 - 2012 Build Date: Aug 26 2012 x86_64 64bit SYS13:44:28, version = 1110.
Cable connection failed.
Connecting to cable (Parallel Port - LPT1).
Checking cable driver.
 Driver windrvr6.sys version = 11.1.0.0. WinDriver v11.10 Jungo (c) 1997 - 2012 Build Date: Aug 26 2012 x86_64 64bit SYS13:44:28, version = 1110.
 LPT base address = FFFFFFFFh.
 ECP base address = FFFFFFFFh.
Cable connection failed.
Connecting to cable (Parallel Port - LPT2).
Checking cable driver.
 Driver windrvr6.sys version = 11.1.0.0. WinDriver v11.10 Jungo (c) 1997 - 2012 Build Date: Aug 26 2012 x86_64 64bit SYS13:44:28, version = 1110.
Cable connection failed.
Connecting to cable (Parallel Port - LPT3).
Checking cable driver.
 Driver windrvr6.sys version = 11.1.0.0. WinDriver v11.10 Jungo (c) 1997 - 2012 Build Date: Aug 26 2012 x86_64 64bit SYS13:44:28, version = 1110.
Cable connection failed.
Connecting to cable (Parallel Port - LPT4).
Checking cable driver.
 Driver windrvr6.sys version = 11.1.0.0. WinDriver v11.10 Jungo (c) 1997 - 2012 Build Date: Aug 26 2012 x86_64 64bit SYS13:44:28, version = 1110.
Cable connection failed.
PROGRESS_END - End Operation.
Elapsed time =      4 sec.
Cable autodetection failed.
WARNING:iMPACT:923 - Can not find cable, check cable setup !GUI --- Auto connect to cable...
// *** BATCH CMD : setCable -port auto
INFO:iMPACT - Digilent Plugin: Plugin Version: 2.4.4
INFO:iMPACT - Digilent Plugin: no JTAG device was found.
AutoDetecting cable. Please wait.
*** WARNING ***: When port is set to auto detect mode, cable speed is set todefault 6 MHz regardless of explicit arguments supplied for setting the baudrates
PROGRESS_START - Starting Operation.
Connecting to cable (Usb Port - USB21).
Checking cable driver.
 Driver file xusb21.sys found.
 File C:/Xilinx/14.7/ISE_DS/ISE/bin/nt64/xusb21.sys not found.
 Driver file xusb_emb.sys found.
 Driver version: src=1029, dest=1029.
 Driver windrvr6.sys version = 11.1.0.0. WinDriver v11.10 Jungo (c) 1997 - 2012 Build Date: Aug 26 2012 x86_64 64bit SYS13:44:28, version = 1110.
 Cable PID = 0008.
 Max current requested during enumeration is 60 mA.
Type = 0x0004.
Cable connection failed.
Connecting to cable (Parallel Port - LPT1).
Checking cable driver.
 Driver windrvr6.sys version = 11.1.0.0. WinDriver v11.10 Jungo (c) 1997 - 2012 Build Date: Aug 26 2012 x86_64 64bit SYS13:44:28, version = 1110.
 LPT base address = FFFFFFFFh.
 ECP base address = FFFFFFFFh.
Cable connection failed.
Connecting to cable (Parallel Port - LPT2).
Checking cable driver.
 Driver windrvr6.sys version = 11.1.0.0. WinDriver v11.10 Jungo (c) 1997 - 2012 Build Date: Aug 26 2012 x86_64 64bit SYS13:44:28, version = 1110.
Cable connection failed.
Connecting to cable (Parallel Port - LPT3).
Checking cable driver.
 Driver windrvr6.sys version = 11.1.0.0. WinDriver v11.10 Jungo (c) 1997 - 2012 Build Date: Aug 26 2012 x86_64 64bit SYS13:44:28, version = 1110.
Cable connection failed.
Connecting to cable (Parallel Port - LPT4).
Checking cable driver.
 Driver windrvr6.sys version = 11.1.0.0. WinDriver v11.10 Jungo (c) 1997 - 2012 Build Date: Aug 26 2012 x86_64 64bit SYS13:44:28, version = 1110.
Cable connection failed.
PROGRESS_END - End Operation.
Elapsed time =      8 sec.
Cable autodetection failed.
WARNING:iMPACT:923 - Can not find cable, check cable setup !GUI --- Auto connect to cable...
// *** BATCH CMD : setCable -port auto
INFO:iMPACT - Digilent Plugin: Plugin Version: 2.4.4
INFO:iMPACT - Digilent Plugin: no JTAG device was found.
AutoDetecting cable. Please wait.
*** WARNING ***: When port is set to auto detect mode, cable speed is set todefault 6 MHz regardless of explicit arguments supplied for setting the baudrates
PROGRESS_START - Starting Operation.
Connecting to cable (Usb Port - USB21).
Checking cable driver.
 Driver file xusb21.sys found.
 File C:/Xilinx/14.7/ISE_DS/ISE/bin/nt64/xusb21.sys not found.
 Driver file xusb_emb.sys found.
 Driver version: src=1029, dest=1029.
 Driver windrvr6.sys version = 11.1.0.0. WinDriver v11.10 Jungo (c) 1997 - 2012 Build Date: Aug 26 2012 x86_64 64bit SYS13:44:28, version = 1110.
 Cable PID = 0008.
 Max current requested during enumeration is 74 mA.
Type = 0x0004.
 Cable Type = 3, Revision = 0.
 Setting cable speed to 6 MHz.
Cable connection established.
Firmware version = 1029.
File version of C:/Xilinx/14.7/ISE_DS/ISE/data/xusb_xlp.hex = 1303.
Firmware hex file version = 1303.
Downloading C:/Xilinx/14.7/ISE_DS/ISE/data/xusb_xlp.hex.
Downloaded firmware version = 1303.
PLD file version = 0012h.
 PLD version = 0012h.
PROGRESS_END - End Operation.
Elapsed time =      1 sec.
Type = 0x0004.
 ESN device is not available for this cable.
Attempting to identify devices in the boundary-scan chain configuration...
INFO:iMPACT - Current time: 4/17/2016 2:04:53 PM
// *** BATCH CMD : Identify 
PROGRESS_START - Starting Operation.
Identifying chain contents...'0': : Manufacturer's ID = Xilinx xc9536xl, Version : 5
INFO:iMPACT:1777 - 
   Reading C:/Xilinx/14.7/ISE_DS/ISE/xc9500xl/data/xc9536xl.bsd...
INFO:iMPACT:501 - '1': Added Device xc9536xl successfully.
----------------------------------------------------------------------
'1': : Manufacturer's ID = Xilinx xcf04s, Version : 0
INFO:iMPACT:1777 - 
   Reading C:/Xilinx/14.7/ISE_DS/ISE/xcf/data/xcf04s.bsd...
INFO:iMPACT:501 - '1': Added Device xcf04s successfully.
----------------------------------------------------------------------
'2': : Manufacturer's ID = Xilinx xc3s500e, Version : 0
INFO:iMPACT:1777 - 
   Reading C:/Xilinx/14.7/ISE_DS/ISE/spartan3e/data/xc3s500e.bsd...
INFO:iMPACT:501 - '1': Added Device xc3s500e successfully.
----------------------------------------------------------------------
done.
PROGRESS_END - End Operation.
Elapsed time =      0 sec.
// *** BATCH CMD : identifyMPM 
Project: 'C:\Checkout3\Hack.org.za\Xilinx\\auto_project.ipf' created.
// *** BATCH CMD : setMode -bs
// *** BATCH CMD : setMode -ss
// *** BATCH CMD : setMode -sm
// *** BATCH CMD : setMode -hw140
// *** BATCH CMD : setMode -spi
// *** BATCH CMD : setMode -acecf
// *** BATCH CMD : setMode -acempm
// *** BATCH CMD : setMode -pff
// *** BATCH CMD : setMode -bs
// *** BATCH CMD : saveProjectFile -file"C:\Checkout3\Hack.org.za\Xilinx\\auto_project.ipf"
// *** BATCH CMD : setMode -bs
// *** BATCH CMD : deleteDevice -position 1
----------------------------------------------------------------------
// *** BATCH CMD : deleteDevice -position 1
----------------------------------------------------------------------
// *** BATCH CMD : deleteDevice -position 1
// *** BATCH CMD : setMode -bs
// *** BATCH CMD : setMode -ss
// *** BATCH CMD : setMode -sm
// *** BATCH CMD : setMode -hw140
// *** BATCH CMD : setMode -spi
// *** BATCH CMD : setMode -acecf
// *** BATCH CMD : setMode -acempm
// *** BATCH CMD : setMode -pff
